#
# A fatal error has been detected by the Java Runtime Environment:
#
#  EXCEPTION_ACCESS_VIOLATION (0xc0000005) at pc=0x6c97c355, pid=4076, tid=164
#
# JRE version: 6.0_22-b04
# Java VM: Java HotSpot(TM) Client VM (17.1-b03 mixed mode, sharing windows-x86 )
# Problematic frame:
# C  [client-bridge-x86.dll+0xfc355]
#
# If you would like to submit a bug report, please visit:
#   http://java.sun.com/webapps/bugreport/crash.jsp
# The crash happened outside the Java Virtual Machine in native code.
# See problematic frame for where to report the bug.
#

---------------  T H R E A D  ---------------

Current thread (0x00db9400):  JavaThread "main" [_thread_in_native, id=164, stack(0x00200000,0x00250000)]

siginfo: ExceptionCode=0xc0000005, reading address 0x00003e98

Registers:
EAX=0x00000000, EBX=0x3457eb00, ECX=0x00000fa6, EDX=0x00000fa4
ESP=0x0024d65c, EBP=0x0024da8c, ESI=0x000000bc, EDI=0x00db9400
EIP=0x6c97c355, EFLAGS=0x00010216

Top of Stack: (sp=0x0024d65c)
0x0024d65c:   08280165 3457eb00 07953420 07950020
0x0024d66c:   07952420 07952420 07953a20 07953a20
0x0024d67c:   07953a20 1eb0a01c 887101b1 07950020
0x0024d68c:   07950020 07950020 36213614 00000000
0x0024d69c:   3882d88c 00000000 00000000 00000000
0x0024d6ac:   00000000 a05c471e 00000000 4f0a65c4
0x0024d6bc:   bc449e20 c449e142 146b8853 476c429e
0x0024d6cc:   00000000 06f103b1 00000000 00000000 

Instructions: (pc=0x6c97c355)
0x6c97c345:   ff 52 8d 4d 84 e8 81 63 ff ff 8b 8d 54 ff ff ff
0x6c97c355:   8b 14 88 89 95 48 ff ff ff 8b 45 9c 89 85 4c ff 


Stack: [0x00200000,0x00250000],  sp=0x0024d65c,  free space=1350024d140k
Native frames: (J=compiled Java code, j=interpreted, Vv=VM code, C=native code)
C  [client-bridge-x86.dll+0xfc355]
C  [client-bridge-x86.dll+0x4b3a9]
C  [client-bridge-x86.dll+0x4af86]
C  [client-bridge-x86.dll+0x6efa]
j  javabot.JNIBWAPI.analyzeTerrain()V+0
j  javabot.JNIBWAPI.loadMapData(Z)V+115
j  javabot.JavaBot.gameStarted()V+35
j  javabot.JNIBWAPI.gameStarted()V+438
v  ~StubRoutines::call_stub
V  [jvm.dll+0xf3a9c]
V  [jvm.dll+0x186591]
V  [jvm.dll+0xf3b1d]
V  [jvm.dll+0xfd5af]
V  [jvm.dll+0xfefe7]
C  [client-bridge-x86.dll+0x101a]
C  [client-bridge-x86.dll+0x1456]
j  javabot.JNIBWAPI.startClient(Ljavabot/JNIBWAPI;)V+0
j  javabot.JNIBWAPI.start()V+2
j  javabot.JavaBot.<init>()V+46
j  javabot.JavaBot.main([Ljava/lang/String;)V+3
v  ~StubRoutines::call_stub
V  [jvm.dll+0xf3a9c]
V  [jvm.dll+0x186591]
V  [jvm.dll+0xf3b1d]
V  [jvm.dll+0xfd365]
V  [jvm.dll+0x104fbd]
C  [java.exe+0x2155]
C  [java.exe+0x85b4]
C  [kernel32.dll+0x13677]
C  [ntdll.dll+0x39d72]
C  [ntdll.dll+0x39d45]

Java frames: (J=compiled Java code, j=interpreted, Vv=VM code)
j  javabot.JNIBWAPI.analyzeTerrain()V+0
j  javabot.JNIBWAPI.loadMapData(Z)V+115
j  javabot.JavaBot.gameStarted()V+35
j  javabot.JNIBWAPI.gameStarted()V+438
v  ~StubRoutines::call_stub
j  javabot.JNIBWAPI.startClient(Ljavabot/JNIBWAPI;)V+0
j  javabot.JNIBWAPI.start()V+2
j  javabot.JavaBot.<init>()V+46
j  javabot.JavaBot.main([Ljava/lang/String;)V+3
v  ~StubRoutines::call_stub

---------------  P R O C E S S  ---------------

Java Threads: ( => current thread )
  0x02533400 JavaThread "Low Memory Detector" daemon [_thread_blocked, id=3176, stack(0x04900000,0x04950000)]
  0x0252e000 JavaThread "CompilerThread0" daemon [_thread_blocked, id=4060, stack(0x04870000,0x048c0000)]
  0x0252b000 JavaThread "Attach Listener" daemon [_thread_blocked, id=2968, stack(0x047e0000,0x04830000)]
  0x02528000 JavaThread "Signal Dispatcher" daemon [_thread_blocked, id=3344, stack(0x04750000,0x047a0000)]
  0x0251f800 JavaThread "Finalizer" daemon [_thread_blocked, id=976, stack(0x046c0000,0x04710000)]
  0x0251e000 JavaThread "Reference Handler" daemon [_thread_blocked, id=3316, stack(0x04630000,0x04680000)]
=>0x00db9400 JavaThread "main" [_thread_in_native, id=164, stack(0x00200000,0x00250000)]

Other Threads:
  0x0251c800 VMThread [stack: 0x045e0000,0x04630000] [id=1080]
  0x02544c00 WatcherThread [stack: 0x04990000,0x049e0000] [id=776]

VM state:not at safepoint (normal execution)

VM Mutex/Monitor currently owned by a thread: None

Heap
 def new generation   total 4928K, used 1866K [0x24570000, 0x24ac0000, 0x29ac0000)
  eden space 4416K,  42% used [0x24570000, 0x24741fc8, 0x249c0000)
  from space 512K,   0% used [0x24a40000, 0x24a40be8, 0x24ac0000)
  to   space 512K,   0% used [0x249c0000, 0x249c0000, 0x24a40000)
 tenured generation   total 10944K, used 596K [0x29ac0000, 0x2a570000, 0x34570000)
   the space 10944K,   5% used [0x29ac0000, 0x29b551e8, 0x29b55200, 0x2a570000)
 compacting perm gen  total 12288K, used 227K [0x34570000, 0x35170000, 0x38570000)
   the space 12288K,   1% used [0x34570000, 0x345a8f60, 0x345a9000, 0x35170000)
    ro space 10240K,  51% used [0x38570000, 0x38a9baf8, 0x38a9bc00, 0x38f70000)
    rw space 12288K,  54% used [0x38f70000, 0x396076d8, 0x39607800, 0x39b70000)

Dynamic libraries:
0x00400000 - 0x00424000 	C:\Program Files (x86)\Java\jre6\bin\java.exe
0x77670000 - 0x777f0000 	C:\Windows\SysWOW64\ntdll.dll
0x76090000 - 0x76190000 	C:\Windows\syswow64\kernel32.dll
0x755c0000 - 0x75606000 	C:\Windows\syswow64\KERNELBASE.dll
0x763e0000 - 0x76480000 	C:\Windows\syswow64\ADVAPI32.dll
0x75330000 - 0x753dc000 	C:\Windows\syswow64\msvcrt.dll
0x75310000 - 0x75329000 	C:\Windows\SysWOW64\sechost.dll
0x75ab0000 - 0x75ba0000 	C:\Windows\syswow64\RPCRT4.dll
0x751e0000 - 0x75240000 	C:\Windows\syswow64\SspiCli.dll
0x751d0000 - 0x751dc000 	C:\Windows\syswow64\CRYPTBASE.dll
0x7c340000 - 0x7c396000 	C:\Program Files (x86)\Java\jre6\bin\msvcr71.dll
0x6d7f0000 - 0x6da97000 	C:\Program Files (x86)\Java\jre6\bin\client\jvm.dll
0x754c0000 - 0x755c0000 	C:\Windows\syswow64\USER32.dll
0x771e0000 - 0x77270000 	C:\Windows\syswow64\GDI32.dll
0x75ba0000 - 0x75baa000 	C:\Windows\syswow64\LPK.dll
0x75760000 - 0x757fd000 	C:\Windows\syswow64\USP10.dll
0x73a80000 - 0x73ab2000 	C:\Windows\system32\WINMM.dll
0x76530000 - 0x76590000 	C:\Windows\system32\IMM32.DLL
0x753f0000 - 0x754bc000 	C:\Windows\syswow64\MSCTF.dll
0x73d60000 - 0x73dab000 	C:\Windows\system32\apphelp.dll
0x6d7a0000 - 0x6d7ac000 	C:\Program Files (x86)\Java\jre6\bin\verify.dll
0x6d320000 - 0x6d33f000 	C:\Program Files (x86)\Java\jre6\bin\java.dll
0x6d280000 - 0x6d288000 	C:\Program Files (x86)\Java\jre6\bin\hpi.dll
0x77640000 - 0x77645000 	C:\Windows\syswow64\PSAPI.DLL
0x6d7e0000 - 0x6d7ef000 	C:\Program Files (x86)\Java\jre6\bin\zip.dll
0x6c880000 - 0x6ca63000 	C:\Users\breakk\Desktop\BWAPI-Package\jnibwapi\release\client-bridge-x86.dll
0x10000000 - 0x1002b000 	C:\Windows\gmp-vc90-mt.dll
0x6fb00000 - 0x6fba3000 	C:\Windows\WinSxS\x86_microsoft.vc90.crt_1fc8b3b9a1e18e3b_9.0.30729.4974_none_50940634bcb759cb\MSVCR90.dll
0x6f900000 - 0x6f98e000 	C:\Windows\WinSxS\x86_microsoft.vc90.crt_1fc8b3b9a1e18e3b_9.0.30729.4974_none_50940634bcb759cb\MSVCP90.dll
0x049e0000 - 0x04a21000 	C:\Windows\mpfr-vc90-mt.dll

VM Arguments:
java_command: javabot.jar
Launcher Type: SUN_STANDARD

Environment Variables:
JAVA_HOME=C:\Program Files (x86)\Java\jre6\
PATH=C:\Program Files\Common Files\Microsoft Shared\Windows Live;C:\Program Files (x86)\Common Files\Microsoft Shared\Windows Live;C:\Program Files\NVIDIA GPU Computing Toolkit\CUDA\v3.2\bin\;c:\Program Files (x86)\NVIDIA Corporation\PhysX\Common;C:\Windows\system32;C:\Windows;C:\Windows\System32\Wbem;C:\Windows\System32\WindowsPowerShell\v1.0\;C:\NetBeans 6.9.1\maven\bin\;C:\Program Files (x86)\Subversion\bin\;C:\PROGRA~2\Borland\Delphi6\Bin;C:\PROGRA~2\Borland\Delphi6\Projects\Bpl;C:\Program Files (x86)\Windows Live\Shared;C:\Python27;C:\Program Files (x86)\Java\jre6\bin;
USERNAME=breakk
OS=Windows_NT
PROCESSOR_IDENTIFIER=Intel64 Family 6 Model 37 Stepping 2, GenuineIntel



---------------  S Y S T E M  ---------------

OS: Windows 7 Build 7600 

CPU:total 4 (8 cores per cpu, 2 threads per core) family 6 model 37 stepping 2, cmov, cx8, fxsr, mmx, sse, sse2, sse3, ssse3, sse4.1, sse4.2, popcnt, ht

Memory: 4k page, physical 4124152k(2404172k free), swap 8246408k(6304852k free)

vm_info: Java HotSpot(TM) Client VM (17.1-b03) for windows-x86 JRE (1.6.0_22-b04), built on Sep 15 2010 00:56:36 by "java_re" with MS VC++ 7.1 (VS2003)

time: Fri Oct 05 02:21:27 2012
elapsed time: 70 seconds

